2025-12-12 11:00:26,289 INFO o.a.j.u.JMeterUtils: Setting Locale to en_EN
2025-12-12 11:00:26,320 INFO o.a.j.JMeter: Loading user properties from: C:\Users\wwwma\Documents\apache-jmeter-5.6.3\bin\user.properties
2025-12-12 11:00:26,321 INFO o.a.j.JMeter: Loading system properties from: C:\Users\wwwma\Documents\apache-jmeter-5.6.3\bin\system.properties
2025-12-12 11:00:26,338 INFO o.a.j.JMeter: Copyright (c) 1998-2024 The Apache Software Foundation
2025-12-12 11:00:26,338 INFO o.a.j.JMeter: Version 5.6.3
2025-12-12 11:00:26,338 INFO o.a.j.JMeter: java.version=1.8.0_471
2025-12-12 11:00:26,338 INFO o.a.j.JMeter: java.vm.name=Java HotSpot(TM) 64-Bit Server VM
2025-12-12 11:00:26,339 INFO o.a.j.JMeter: os.name=Windows 11
2025-12-12 11:00:26,339 INFO o.a.j.JMeter: os.arch=amd64
2025-12-12 11:00:26,339 INFO o.a.j.JMeter: os.version=10.0
2025-12-12 11:00:26,339 INFO o.a.j.JMeter: file.encoding=Cp1252
2025-12-12 11:00:26,339 INFO o.a.j.JMeter: java.awt.headless=true
2025-12-12 11:00:26,339 INFO o.a.j.JMeter: Max memory     =1073741824
2025-12-12 11:00:26,339 INFO o.a.j.JMeter: Available Processors =16
2025-12-12 11:00:26,351 INFO o.a.j.JMeter: Default Locale=English (EN)
2025-12-12 11:00:26,352 INFO o.a.j.JMeter: JMeter  Locale=English (EN)
2025-12-12 11:00:26,352 INFO o.a.j.JMeter: JMeterHome=C:\Users\wwwma\Documents\apache-jmeter-5.6.3
2025-12-12 11:00:26,353 INFO o.a.j.JMeter: user.dir  =C:\Users\wwwma\Desktop\ProyectoSeminario\SOFTWARE-ENGINEERING-SEMINAR
2025-12-12 11:00:26,354 INFO o.a.j.JMeter: PWD       =C:\Users\wwwma\Desktop\ProyectoSeminario\SOFTWARE-ENGINEERING-SEMINAR
2025-12-12 11:00:35,831 INFO o.a.j.JMeter: IP: 169.254.27.96 Name: MateusLaptop FullName: MateusLaptop
2025-12-12 11:00:35,893 INFO o.a.j.JMeter: Setting property 'jmeter.reportgenerator.outputdir' to:'C:\Users\wwwma\Desktop\ProyectoSeminario\SOFTWARE-ENGINEERING-SEMINAR\Final-Proyect\Workshop-4\jmeter\results\report'
2025-12-12 11:00:35,901 INFO o.a.j.s.FileServer: Default base='C:\Users\wwwma\Desktop\ProyectoSeminario\SOFTWARE-ENGINEERING-SEMINAR'
2025-12-12 11:00:35,907 INFO o.a.j.s.FileServer: Set new base='C:\Users\wwwma\Desktop\ProyectoSeminario\SOFTWARE-ENGINEERING-SEMINAR\Final-Proyect\Workshop-4\jmeter'
2025-12-12 11:00:36,314 INFO o.a.j.s.SaveService: Testplan (JMX) version: 2.2. Testlog (JTL) version: 2.2
2025-12-12 11:00:36,377 INFO o.a.j.s.SaveService: Using SaveService properties file encoding UTF-8
2025-12-12 11:00:36,388 INFO o.a.j.s.SaveService: Using SaveService properties version 5.0
2025-12-12 11:00:36,403 INFO o.a.j.s.SaveService: Loading file: Final-Proyect\Workshop-4\jmeter\parking-api-stress.jmx
2025-12-12 11:00:36,554 INFO o.a.j.p.h.s.HTTPSamplerBase: Parser for text/html is org.apache.jmeter.protocol.http.parser.LagartoBasedHtmlParser
2025-12-12 11:00:36,554 INFO o.a.j.p.h.s.HTTPSamplerBase: Parser for application/xhtml+xml is org.apache.jmeter.protocol.http.parser.LagartoBasedHtmlParser
2025-12-12 11:00:36,555 INFO o.a.j.p.h.s.HTTPSamplerBase: Parser for application/xml is org.apache.jmeter.protocol.http.parser.LagartoBasedHtmlParser
2025-12-12 11:00:36,555 INFO o.a.j.p.h.s.HTTPSamplerBase: Parser for text/xml is org.apache.jmeter.protocol.http.parser.LagartoBasedHtmlParser
2025-12-12 11:00:36,555 INFO o.a.j.p.h.s.HTTPSamplerBase: Parser for text/vnd.wap.wml is org.apache.jmeter.protocol.http.parser.RegexpHTMLParser
2025-12-12 11:00:36,555 INFO o.a.j.p.h.s.HTTPSamplerBase: Parser for text/css is org.apache.jmeter.protocol.http.parser.CssParser
2025-12-12 11:00:37,195 INFO o.a.j.JMeter: Creating summariser <summary>
2025-12-12 11:00:37,206 INFO o.a.j.r.d.ReportGenerator: ReportGenerator will use for Parsing the separator: ','
2025-12-12 11:00:37,207 INFO o.a.j.r.d.ReportGenerator: Will generate report at end of test from  results file: Final-Proyect\Workshop-4\jmeter\results\results.jtl
2025-12-12 11:00:37,207 INFO o.a.j.r.d.ReportGenerator: Reading report generator properties from: C:\Users\wwwma\Documents\apache-jmeter-5.6.3\bin\reportgenerator.properties
2025-12-12 11:00:37,210 INFO o.a.j.r.d.ReportGenerator: Merging with JMeter properties
2025-12-12 11:00:37,223 INFO o.a.j.r.c.ReportGeneratorConfiguration: Property 'jmeter.reportgenerator.temp_dir' not found, using default value 'temp' instead.
2025-12-12 11:00:37,229 INFO o.a.j.r.c.ReportGeneratorConfiguration: Property 'jmeter.reportgenerator.apdex_per_transaction' not found, using default value 'null' instead.
2025-12-12 11:00:37,229 INFO o.a.j.r.c.ReportGeneratorConfiguration: apdex_per_transaction is empty, not APDEX per transaction customization
2025-12-12 11:00:37,229 INFO o.a.j.r.c.ReportGeneratorConfiguration: Property 'jmeter.reportgenerator.sample_filter' not found, using default value 'null' instead.
2025-12-12 11:00:37,230 INFO o.a.j.r.c.ReportGeneratorConfiguration: Property 'jmeter.reportgenerator.report_title' not found, using default value 'null' instead.
2025-12-12 11:00:37,230 INFO o.a.j.r.c.ReportGeneratorConfiguration: Property 'jmeter.reportgenerator.start_date' not found, using default value 'null' instead.
2025-12-12 11:00:37,230 INFO o.a.j.r.c.ReportGeneratorConfiguration: Property 'jmeter.reportgenerator.end_date' not found, using default value 'null' instead.
2025-12-12 11:00:37,231 INFO o.a.j.r.c.ReportGeneratorConfiguration: Property 'jmeter.reportgenerator.date_format' not found, using default value 'null' instead.
2025-12-12 11:00:37,231 INFO o.a.j.r.c.ReportGeneratorConfiguration: Will use date range start date: null, end date: null
2025-12-12 11:00:37,246 INFO o.a.j.r.c.ReportGeneratorConfiguration: Property 'jmeter.reportgenerator.graph.totalTPS.exclude_controllers' not found, using default value 'false' instead.
2025-12-12 11:00:37,247 INFO o.a.j.r.c.ReportGeneratorConfiguration: Property 'jmeter.reportgenerator.graph.activeThreadsOverTime.exclude_controllers' not found, using default value 'false' instead.
2025-12-12 11:00:37,247 INFO o.a.j.r.c.ReportGeneratorConfiguration: Property 'jmeter.reportgenerator.graph.timeVsThreads.exclude_controllers' not found, using default value 'false' instead.
2025-12-12 11:00:37,247 INFO o.a.j.r.c.ReportGeneratorConfiguration: Property 'jmeter.reportgenerator.graph.responseTimeDistribution.exclude_controllers' not found, using default value 'false' instead.
2025-12-12 11:00:37,248 INFO o.a.j.r.c.ReportGeneratorConfiguration: Property 'jmeter.reportgenerator.graph.transactionsPerSecond.exclude_controllers' not found, using default value 'false' instead.
2025-12-12 11:00:37,248 INFO o.a.j.r.c.ReportGeneratorConfiguration: Property 'jmeter.reportgenerator.graph.responseTimePercentiles.exclude_controllers' not found, using default value 'false' instead.
2025-12-12 11:00:37,249 INFO o.a.j.r.c.ReportGeneratorConfiguration: Property 'jmeter.reportgenerator.graph.responseTimePercentilesOverTime.exclude_controllers' not found, using default value 'false' instead.
2025-12-12 11:00:37,249 INFO o.a.j.r.c.ReportGeneratorConfiguration: Property 'jmeter.reportgenerator.graph.responseTimesOverTime.exclude_controllers' not found, using default value 'false' instead.
2025-12-12 11:00:37,249 INFO o.a.j.r.c.ReportGeneratorConfiguration: Property 'jmeter.reportgenerator.graph.connectTimeOverTime.exclude_controllers' not found, using default value 'false' instead.
2025-12-12 11:00:37,249 INFO o.a.j.r.c.ReportGeneratorConfiguration: Property 'jmeter.reportgenerator.graph.latenciesOverTime.exclude_controllers' not found, using default value 'false' instead.
2025-12-12 11:00:37,252 INFO o.a.j.r.c.ReportGeneratorConfiguration: Property 'jmeter.reportgenerator.exporter.json.filters_only_sample_series' not found, using default value 'true' instead.
2025-12-12 11:00:37,252 INFO o.a.j.r.c.ReportGeneratorConfiguration: Property 'jmeter.reportgenerator.exporter.json.series_filter' not found, using default value '' instead.
2025-12-12 11:00:37,253 INFO o.a.j.r.c.ReportGeneratorConfiguration: Property 'jmeter.reportgenerator.exporter.json.show_controllers_only' not found, using default value 'false' instead.
2025-12-12 11:00:37,254 INFO o.a.j.r.c.ReportGeneratorConfiguration: Property 'jmeter.reportgenerator.exporter.html.filters_only_sample_series' not found, using default value 'true' instead.
2025-12-12 11:00:37,254 INFO o.a.j.r.c.ReportGeneratorConfiguration: Property 'jmeter.reportgenerator.exporter.html.series_filter' not found, using default value '' instead.
2025-12-12 11:00:37,254 INFO o.a.j.r.c.ReportGeneratorConfiguration: Property 'jmeter.reportgenerator.exporter.html.show_controllers_only' not found, using default value 'false' instead.
2025-12-12 11:00:37,281 INFO o.a.j.e.StandardJMeterEngine: Running the test!
2025-12-12 11:00:37,282 INFO o.a.j.s.SampleEvent: List of sample_variables: []
2025-12-12 11:00:37,282 INFO o.a.j.s.SampleEvent: List of sample_variables: []
2025-12-12 11:00:37,295 INFO o.a.j.e.u.CompoundVariable: Note: Function class names must contain the string: '.functions.'
2025-12-12 11:00:37,296 INFO o.a.j.e.u.CompoundVariable: Note: Function class names must not contain the string: '.gui.'
2025-12-12 11:00:37,971 INFO o.a.j.r.ResultCollector: Folder at C:\Users\wwwma\Desktop\ProyectoSeminario\SOFTWARE-ENGINEERING-SEMINAR\Workshop-4\jmeter\results was created
2025-12-12 11:00:37,998 INFO o.a.j.JMeter: Running test (1765555237998)
2025-12-12 11:00:38,075 INFO o.a.j.e.StandardJMeterEngine: Starting ThreadGroup: 1 : Concurrent users
2025-12-12 11:00:38,077 INFO o.a.j.e.StandardJMeterEngine: Starting 10 threads for group Concurrent users.
2025-12-12 11:00:38,077 INFO o.a.j.e.StandardJMeterEngine: Thread will continue on error
2025-12-12 11:00:38,077 INFO o.a.j.t.ThreadGroup: Starting thread group... number=1 threads=10 ramp-up=5 delayedStart=false
2025-12-12 11:00:38,100 INFO o.a.j.t.JMeterThread: Thread started: Concurrent users 1-1
2025-12-12 11:00:38,111 INFO o.a.j.t.ThreadGroup: Started thread group number 1
2025-12-12 11:00:38,111 INFO o.a.j.e.StandardJMeterEngine: All thread groups have been started
2025-12-12 11:00:38,156 INFO o.a.j.p.h.s.HTTPHCAbstractImpl: Local host = MateusLaptop
2025-12-12 11:00:38,177 INFO o.a.j.p.h.s.HTTPHC4Impl: HTTP request retry count = 0
2025-12-12 11:00:38,181 INFO o.a.j.s.SampleResult: Note: Sample TimeStamps are START times
2025-12-12 11:00:38,181 INFO o.a.j.s.SampleResult: sampleresult.default.encoding is set to UTF-8
2025-12-12 11:00:38,181 INFO o.a.j.s.SampleResult: sampleresult.useNanoTime=true
2025-12-12 11:00:38,181 INFO o.a.j.s.SampleResult: sampleresult.nanoThreadSleep=5000
2025-12-12 11:00:38,593 INFO o.a.j.t.JMeterThread: Thread started: Concurrent users 1-2
2025-12-12 11:00:39,092 INFO o.a.j.t.JMeterThread: Thread started: Concurrent users 1-3
2025-12-12 11:00:39,186 INFO o.a.j.t.JMeterThread: Thread is done: Concurrent users 1-2
2025-12-12 11:00:39,186 INFO o.a.j.t.JMeterThread: Thread finished: Concurrent users 1-2
2025-12-12 11:00:39,190 INFO o.a.j.t.JMeterThread: Thread is done: Concurrent users 1-1
2025-12-12 11:00:39,190 INFO o.a.j.t.JMeterThread: Thread finished: Concurrent users 1-1
2025-12-12 11:00:39,462 INFO o.a.j.t.JMeterThread: Thread is done: Concurrent users 1-3
2025-12-12 11:00:39,462 INFO o.a.j.t.JMeterThread: Thread finished: Concurrent users 1-3
2025-12-12 11:00:39,590 INFO o.a.j.t.JMeterThread: Thread started: Concurrent users 1-4
2025-12-12 11:00:39,858 INFO o.a.j.t.JMeterThread: Thread is done: Concurrent users 1-4
2025-12-12 11:00:39,858 INFO o.a.j.t.JMeterThread: Thread finished: Concurrent users 1-4
2025-12-12 11:00:40,083 INFO o.a.j.t.JMeterThread: Thread started: Concurrent users 1-5
2025-12-12 11:00:40,292 INFO o.a.j.t.JMeterThread: Thread is done: Concurrent users 1-5
2025-12-12 11:00:40,292 INFO o.a.j.t.JMeterThread: Thread finished: Concurrent users 1-5
2025-12-12 11:00:40,583 INFO o.a.j.t.JMeterThread: Thread started: Concurrent users 1-6
2025-12-12 11:00:40,820 INFO o.a.j.t.JMeterThread: Thread is done: Concurrent users 1-6
2025-12-12 11:00:40,820 INFO o.a.j.t.JMeterThread: Thread finished: Concurrent users 1-6
2025-12-12 11:00:41,082 INFO o.a.j.t.JMeterThread: Thread started: Concurrent users 1-7
2025-12-12 11:00:41,288 INFO o.a.j.t.JMeterThread: Thread is done: Concurrent users 1-7
2025-12-12 11:00:41,288 INFO o.a.j.t.JMeterThread: Thread finished: Concurrent users 1-7
2025-12-12 11:00:41,592 INFO o.a.j.t.JMeterThread: Thread started: Concurrent users 1-8
2025-12-12 11:00:41,799 INFO o.a.j.t.JMeterThread: Thread is done: Concurrent users 1-8
2025-12-12 11:00:41,799 INFO o.a.j.t.JMeterThread: Thread finished: Concurrent users 1-8
2025-12-12 11:00:42,093 INFO o.a.j.t.JMeterThread: Thread started: Concurrent users 1-9
2025-12-12 11:00:42,314 INFO o.a.j.t.JMeterThread: Thread is done: Concurrent users 1-9
2025-12-12 11:00:42,314 INFO o.a.j.t.JMeterThread: Thread finished: Concurrent users 1-9
2025-12-12 11:00:42,587 INFO o.a.j.t.JMeterThread: Thread started: Concurrent users 1-10
2025-12-12 11:00:42,795 INFO o.a.j.t.JMeterThread: Thread is done: Concurrent users 1-10
2025-12-12 11:00:42,795 INFO o.a.j.t.JMeterThread: Thread finished: Concurrent users 1-10
2025-12-12 11:00:42,796 INFO o.a.j.e.StandardJMeterEngine: Notifying test listeners of end of test
2025-12-12 11:00:42,800 INFO o.a.j.r.Summariser: summary =    150 in 00:00:05 =   31.3/s Avg:    21 Min:    10 Max:   371 Err:     0 (0.00%)
2025-12-12 11:00:42,801 INFO o.a.j.JMeter: Generating Dashboard
2025-12-12 11:00:42,801 INFO o.a.j.r.d.ReportGenerator: Flushing result collector before report Generation
2025-12-12 11:00:42,820 INFO o.a.j.r.p.NormalizerSampleConsumer: Using format, 'ms', to parse timeStamp field
2025-12-12 11:00:43,980 INFO o.a.j.r.p.AbstractSampleConsumer: class org.apache.jmeter.report.processor.AggregateConsumer#stopProducing(): beginDate produced 0 samples
2025-12-12 11:00:43,980 INFO o.a.j.r.p.AbstractSampleConsumer: class org.apache.jmeter.report.processor.AggregateConsumer#stopProducing(): endDate produced 0 samples
2025-12-12 11:00:43,988 INFO o.a.j.r.p.AbstractSampleConsumer: class org.apache.jmeter.report.processor.ApdexSummaryConsumer#stopProducing(): apdexSummary produced 0 samples
2025-12-12 11:00:43,989 INFO o.a.j.r.p.AbstractSampleConsumer: class org.apache.jmeter.report.processor.RequestsSummaryConsumer#stopProducing(): requestsSummary produced 0 samples
2025-12-12 11:00:44,004 INFO o.a.j.r.p.AbstractSampleConsumer: class org.apache.jmeter.report.processor.StatisticsSummaryConsumer#stopProducing(): statisticsSummary produced 0 samples
2025-12-12 11:00:44,019 INFO o.a.j.r.p.AbstractSampleConsumer: class org.apache.jmeter.report.processor.Top5ErrorsBySamplerConsumer#stopProducing(): top5ErrorsBySampler produced 0 samples
2025-12-12 11:00:44,019 INFO o.a.j.r.p.AbstractSampleConsumer: class org.apache.jmeter.report.processor.ErrorsSummaryConsumer#stopProducing(): errorsSummary produced 0 samples
2025-12-12 11:00:44,019 INFO o.a.j.r.p.AbstractSampleConsumer: class org.apache.jmeter.report.processor.graph.impl.HitsPerSecondGraphConsumer#stopProducing(): hitsPerSecond produced 0 samples
2025-12-12 11:00:44,073 INFO o.a.j.r.p.AbstractSampleConsumer: class org.apache.jmeter.report.processor.graph.impl.LatencyVSRequestGraphConsumer#stopProducing(): latencyVsRequest produced 0 samples
2025-12-12 11:00:44,074 INFO o.a.j.r.p.AbstractSampleConsumer: class org.apache.jmeter.report.processor.graph.impl.SyntheticResponseTimeDistributionGraphConsumer#stopProducing(): syntheticResponseTimeDistribution produced 0 samples
2025-12-12 11:00:44,076 INFO o.a.j.r.p.AbstractSampleConsumer: class org.apache.jmeter.report.processor.graph.impl.BytesThroughputGraphConsumer#stopProducing(): bytesThroughputOverTime produced 0 samples
2025-12-12 11:00:44,080 INFO o.a.j.r.p.AbstractSampleConsumer: class org.apache.jmeter.report.processor.graph.impl.CodesPerSecondGraphConsumer#stopProducing(): codesPerSecond produced 0 samples
2025-12-12 11:00:44,097 INFO o.a.j.r.p.AbstractSampleConsumer: class org.apache.jmeter.report.processor.graph.impl.ResponseTimeVSRequestGraphConsumer#stopProducing(): responseTimeVsRequest produced 0 samples
2025-12-12 11:00:44,098 INFO o.a.j.r.p.AbstractSampleConsumer: class org.apache.jmeter.report.processor.FilterConsumer#stopProducing(): startIntervalControlerFilter produced 1050 samples
2025-12-12 11:00:44,098 INFO o.a.j.r.p.AbstractSampleConsumer: class org.apache.jmeter.report.processor.graph.impl.TotalTPSGraphConsumer#stopProducing(): totalTPS produced 0 samples
2025-12-12 11:00:44,098 INFO o.a.j.r.p.AbstractSampleConsumer: class org.apache.jmeter.report.processor.graph.impl.ActiveThreadsGraphConsumer#stopProducing(): activeThreadsOverTime produced 0 samples
2025-12-12 11:00:44,099 INFO o.a.j.r.p.AbstractSampleConsumer: class org.apache.jmeter.report.processor.graph.impl.TimeVSThreadGraphConsumer#stopProducing(): timeVsThreads produced 0 samples
2025-12-12 11:00:44,099 INFO o.a.j.r.p.AbstractSampleConsumer: class org.apache.jmeter.report.processor.graph.impl.ResponseTimeDistributionGraphConsumer#stopProducing(): responseTimeDistribution produced 0 samples
2025-12-12 11:00:44,100 INFO o.a.j.r.p.AbstractSampleConsumer: class org.apache.jmeter.report.processor.graph.impl.TransactionsPerSecondGraphConsumer#stopProducing(): transactionsPerSecond produced 0 samples
2025-12-12 11:00:44,100 INFO o.a.j.r.p.AbstractSampleConsumer: class org.apache.jmeter.report.processor.graph.impl.ResponseTimePercentilesGraphConsumer#stopProducing(): responseTimePercentiles produced 0 samples
2025-12-12 11:00:44,103 INFO o.a.j.r.p.AbstractSampleConsumer: class org.apache.jmeter.report.processor.graph.impl.ResponseTimePercentilesOverTimeGraphConsumer#stopProducing(): responseTimePercentilesOverTime produced 0 samples
2025-12-12 11:00:44,104 INFO o.a.j.r.p.AbstractSampleConsumer: class org.apache.jmeter.report.processor.graph.impl.ResponseTimeOverTimeGraphConsumer#stopProducing(): responseTimesOverTime produced 0 samples
2025-12-12 11:00:44,105 INFO o.a.j.r.p.AbstractSampleConsumer: class org.apache.jmeter.report.processor.graph.impl.ConnectTimeOverTimeGraphConsumer#stopProducing(): connectTimeOverTime produced 0 samples
2025-12-12 11:00:44,105 INFO o.a.j.r.p.AbstractSampleConsumer: class org.apache.jmeter.report.processor.graph.impl.LatencyOverTimeGraphConsumer#stopProducing(): latenciesOverTime produced 0 samples
2025-12-12 11:00:44,106 INFO o.a.j.r.p.AbstractSampleConsumer: class org.apache.jmeter.report.processor.FilterConsumer#stopProducing(): nameFilter produced 2250 samples
2025-12-12 11:00:44,106 INFO o.a.j.r.p.AbstractSampleConsumer: class org.apache.jmeter.report.processor.FilterConsumer#stopProducing(): dateRangeFilter produced 450 samples
2025-12-12 11:00:44,106 INFO o.a.j.r.p.AbstractSampleConsumer: class org.apache.jmeter.report.processor.NormalizerSampleConsumer#stopProducing(): normalizer produced 150 samples
2025-12-12 11:00:44,108 INFO o.a.j.r.p.CsvFileSampleSource: produce(): 150 samples produced in 1s 227 ms on channel 0
2025-12-12 11:00:44,108 INFO o.a.j.r.d.ReportGenerator: Exporting data using exporter:'json' of className:'org.apache.jmeter.report.dashboard.JsonExporter'
2025-12-12 11:00:44,373 INFO o.a.j.r.d.JsonExporter: Found data for consumer statisticsSummary in context
2025-12-12 11:00:44,373 INFO o.a.j.r.d.JsonExporter: Creating statistics for overall
2025-12-12 11:00:44,374 INFO o.a.j.r.d.JsonExporter: Creating statistics for other transactions
2025-12-12 11:00:44,375 INFO o.a.j.r.d.JsonExporter: Checking output folder
2025-12-12 11:00:44,376 INFO o.a.j.r.d.JsonExporter: Writing statistics JSON to C:\Users\wwwma\Desktop\ProyectoSeminario\SOFTWARE-ENGINEERING-SEMINAR\Final-Proyect\Workshop-4\jmeter\results\report\statistics.json
2025-12-12 11:00:44,491 INFO o.a.j.r.d.ReportGenerator: Exporting data using exporter:'html' of className:'org.apache.jmeter.report.dashboard.HtmlTemplateExporter'
2025-12-12 11:00:44,497 INFO o.a.j.r.d.HtmlTemplateExporter: Will generate dashboard in folder: C:\Users\wwwma\Desktop\ProyectoSeminario\SOFTWARE-ENGINEERING-SEMINAR\Final-Proyect\Workshop-4\jmeter\results\report
2025-12-12 11:00:44,789 INFO o.a.j.r.d.HtmlTemplateExporter: Report will be generated in: C:\Users\wwwma\Desktop\ProyectoSeminario\SOFTWARE-ENGINEERING-SEMINAR\Final-Proyect\Workshop-4\jmeter\results\report, creating folder structure
2025-12-12 11:00:44,799 INFO o.a.j.r.d.TemplateVisitor: Copying folder from 'C:\Users\wwwma\Documents\apache-jmeter-5.6.3\bin\report-template' to 'C:\Users\wwwma\Desktop\ProyectoSeminario\SOFTWARE-ENGINEERING-SEMINAR\Final-Proyect\Workshop-4\jmeter\results\report', got message: C:\Users\wwwma\Desktop\ProyectoSeminario\SOFTWARE-ENGINEERING-SEMINAR\Final-Proyect\Workshop-4\jmeter\results\report, found non empty folder with following content [C:\Users\wwwma\Desktop\ProyectoSeminario\SOFTWARE-ENGINEERING-SEMINAR\Final-Proyect\Workshop-4\jmeter\results\report\statistics.json], will be ignored
2025-12-12 11:00:45,781 INFO o.a.j.JMeter: Dashboard generated
