This is pdfTeX, Version 3.141592653-2.6-1.40.26 (TeX Live 2025/dev/Debian) (preloaded format=pdflatex 2025.10.4)  18 OCT 2025 19:42
entering extended mode
 restricted \write18 enabled.
 %&-line parsing enabled.
**main.tex
(./main.tex
LaTeX2e <2024-11-01> patch level 2
L3 programming layer <2025-01-18>
(/usr/share/texlive/texmf-dist/tex/latex/base/article.cls
Document Class: article 2024/06/29 v1.4n Standard LaTeX document class
(/usr/share/texlive/texmf-dist/tex/latex/base/size11.clo
File: size11.clo 2024/06/29 v1.4n Standard LaTeX file (size option)
)
\c@part=\count196
\c@section=\count197
\c@subsection=\count198
\c@subsubsection=\count199
\c@paragraph=\count266
\c@subparagraph=\count267
\c@figure=\count268
\c@table=\count269
\abovecaptionskip=\skip49
\belowcaptionskip=\skip50
\bibindent=\dimen141
) (./settings.tex
(/usr/share/texlive/texmf-dist/tex/latex/graphics/graphicx.sty
Package: graphicx 2021/09/16 v1.2d Enhanced LaTeX Graphics (DPC,SPQR)

(/usr/share/texlive/texmf-dist/tex/latex/graphics/keyval.sty
Package: keyval 2022/05/29 v1.15 key=value parser (DPC)
\KV@toks@=\toks17
)
(/usr/share/texlive/texmf-dist/tex/latex/graphics/graphics.sty
Package: graphics 2024/08/06 v1.4g Standard LaTeX Graphics (DPC,SPQR)

(/usr/share/texlive/texmf-dist/tex/latex/graphics/trig.sty
Package: trig 2023/12/02 v1.11 sin cos tan (DPC)
)
(/usr/share/texlive/texmf-dist/tex/latex/graphics-cfg/graphics.cfg
File: graphics.cfg 2016/06/04 v1.11 sample graphics configuration
)
Package graphics Info: Driver file: pdftex.def on input line 106.

(/usr/share/texlive/texmf-dist/tex/latex/graphics-def/pdftex.def
File: pdftex.def 2024/04/13 v1.2c Graphics/color driver for pdftex
))
\Gin@req@height=\dimen142
\Gin@req@width=\dimen143
)
(/usr/share/texlive/texmf-dist/tex/latex/base/inputenc.sty
Package: inputenc 2024/02/08 v1.3d Input encoding file
\inpenc@prehook=\toks18
\inpenc@posthook=\toks19
)
(/usr/share/texlive/texmf-dist/tex/latex/caption/caption.sty
Package: caption 2023/08/05 v3.6o Customizing captions (AR)

(/usr/share/texlive/texmf-dist/tex/latex/caption/caption3.sty
Package: caption3 2023/07/31 v2.4d caption3 kernel (AR)
\caption@tempdima=\dimen144
\captionmargin=\dimen145
\caption@leftmargin=\dimen146
\caption@rightmargin=\dimen147
\caption@width=\dimen148
\caption@indent=\dimen149
\caption@parindent=\dimen150
\caption@hangindent=\dimen151
Package caption Info: Standard document class detected.
)
\c@caption@flags=\count270
\c@continuedfloat=\count271
)
(/usr/share/texlive/texmf-dist/tex/latex/geometry/geometry.sty
Package: geometry 2020/01/02 v5.9 Page Geometry

(/usr/share/texlive/texmf-dist/tex/generic/iftex/ifvtex.sty
Package: ifvtex 2019/10/25 v1.7 ifvtex legacy package. Use iftex instead.

(/usr/share/texlive/texmf-dist/tex/generic/iftex/iftex.sty
Package: iftex 2024/12/12 v1.0g TeX engine tests
))
\Gm@cnth=\count272
\Gm@cntv=\count273
\c@Gm@tempcnt=\count274
\Gm@bindingoffset=\dimen152
\Gm@wd@mp=\dimen153
\Gm@odd@mp=\dimen154
\Gm@even@mp=\dimen155
\Gm@layoutwidth=\dimen156
\Gm@layoutheight=\dimen157
\Gm@layouthoffset=\dimen158
\Gm@layoutvoffset=\dimen159
\Gm@dimlist=\toks20
)
(/usr/share/texlive/texmf-dist/tex/latex/xcolor/xcolor.sty
Package: xcolor 2024/09/29 v3.02 LaTeX color extensions (UK)

(/usr/share/texlive/texmf-dist/tex/latex/graphics-cfg/color.cfg
File: color.cfg 2016/01/02 v1.6 sample color configuration
)
Package xcolor Info: Driver file: pdftex.def on input line 274.

(/usr/share/texlive/texmf-dist/tex/latex/graphics/mathcolor.ltx)
Package xcolor Info: Model `cmy' substituted by `cmy0' on input line 1349.
Package xcolor Info: Model `hsb' substituted by `rgb' on input line 1353.
Package xcolor Info: Model `RGB' extended on input line 1365.
Package xcolor Info: Model `HTML' substituted by `rgb' on input line 1367.
Package xcolor Info: Model `Hsb' substituted by `hsb' on input line 1368.
Package xcolor Info: Model `tHsb' substituted by `hsb' on input line 1369.
Package xcolor Info: Model `HSB' substituted by `hsb' on input line 1370.
Package xcolor Info: Model `Gray' substituted by `gray' on input line 1371.
Package xcolor Info: Model `wave' substituted by `hsb' on input line 1372.
)
(/usr/share/texlive/texmf-dist/tex/latex/colortbl/colortbl.sty
Package: colortbl 2024/07/06 v1.0i Color table columns (DPC)

(/usr/share/texlive/texmf-dist/tex/latex/tools/array.sty
Package: array 2024/10/17 v2.6g Tabular extension package (FMi)
\col@sep=\dimen160
\ar@mcellbox=\box52
\extrarowheight=\dimen161
\NC@list=\toks21
\extratabsurround=\skip51
\backup@length=\skip52
\ar@cellbox=\box53
)
\everycr=\toks22
\minrowclearance=\skip53
\rownum=\count275
))
(/usr/share/texlive/texmf-dist/tex/latex/float/float.sty
Package: float 2001/11/08 v1.3d Float enhancements (AL)
\c@float@type=\count276
\float@exts=\toks23
\float@box=\box54
\@float@everytoks=\toks24
\@floatcapt=\box55
)
(/usr/share/texlive/texmf-dist/tex/latex/l3backend/l3backend-pdftex.def
File: l3backend-pdftex.def 2024-05-08 L3 backend support: PDF output (pdfTeX)
\l__color_backend_stack_int=\count277
\l__pdf_internal_box=\box56
)
(./main.aux (./class-diagram/class-diagram.aux)
(./architecture-diagram/architecture-diagram.aux)
(./deployment-diagram/deployment-diagram.aux)
(./Business-Process-Documentation/business-process.aux) (./Mockups/mockups.aux)
)
\openout1 = `main.aux'.

LaTeX Font Info:    Checking defaults for OML/cmm/m/it on input line 5.
LaTeX Font Info:    ... okay on input line 5.
LaTeX Font Info:    Checking defaults for OMS/cmsy/m/n on input line 5.
LaTeX Font Info:    ... okay on input line 5.
LaTeX Font Info:    Checking defaults for OT1/cmr/m/n on input line 5.
LaTeX Font Info:    ... okay on input line 5.
LaTeX Font Info:    Checking defaults for T1/cmr/m/n on input line 5.
LaTeX Font Info:    ... okay on input line 5.
LaTeX Font Info:    Checking defaults for TS1/cmr/m/n on input line 5.
LaTeX Font Info:    ... okay on input line 5.
LaTeX Font Info:    Checking defaults for OMX/cmex/m/n on input line 5.
LaTeX Font Info:    ... okay on input line 5.
LaTeX Font Info:    Checking defaults for U/cmr/m/n on input line 5.
LaTeX Font Info:    ... okay on input line 5.
 (/usr/share/texlive/texmf-dist/tex/context/base/mkii/supp-pdf.mkii
[Loading MPS to PDF converter (version 2006.09.02).]
\scratchcounter=\count278
\scratchdimen=\dimen162
\scratchbox=\box57
\nofMPsegments=\count279
\nofMParguments=\count280
\everyMPshowfont=\toks25
\MPscratchCnt=\count281
\MPscratchDim=\dimen163
\MPnumerator=\count282
\makeMPintoPDFobject=\count283
\everyMPtoPDFconversion=\toks26
) (/usr/share/texlive/texmf-dist/tex/latex/epstopdf-pkg/epstopdf-base.sty
Package: epstopdf-base 2020-01-24 v2.11 Base part for package epstopdf
Package epstopdf-base Info: Redefining graphics rule for `.eps' on input line 4
85.

(/usr/share/texlive/texmf-dist/tex/latex/latexconfig/epstopdf-sys.cfg
File: epstopdf-sys.cfg 2010/07/13 v1.3 Configuration of (r)epstopdf for TeX Liv
e
))
Package caption Info: Begin \AtBeginDocument code.
Package caption Info: float package is loaded.
Package caption Info: End \AtBeginDocument code.

*geometry* driver: auto-detecting
*geometry* detected driver: pdftex
*geometry* verbose mode - [ preamble ] result:
* driver: pdftex
* paper: <default>
* layout: <same size as paper>
* layoutoffset:(h,v)=(0.0pt,0.0pt)
* modes: 
* h-part:(L,W,R)=(92.14519pt, 430.00462pt, 92.14519pt)
* v-part:(T,H,B)=(95.39737pt, 556.47656pt, 143.09605pt)
* \paperwidth=614.295pt
* \paperheight=794.96999pt
* \textwidth=430.00462pt
* \textheight=556.47656pt
* \oddsidemargin=19.8752pt
* \evensidemargin=19.8752pt
* \topmargin=-13.87262pt
* \headheight=12.0pt
* \headsep=25.0pt
* \topskip=11.0pt
* \footskip=30.0pt
* \marginparwidth=59.0pt
* \marginparsep=10.0pt
* \columnsep=10.0pt
* \skip\footins=10.0pt plus 4.0pt minus 2.0pt
* \hoffset=0.0pt
* \voffset=0.0pt
* \mag=1000
* \@twocolumnfalse
* \@twosidefalse
* \@mparswitchfalse
* \@reversemarginfalse
* (1in=72.27pt=25.4mm, 1cm=28.453pt)

(./Portada/Portada.tex
<Portada/logo.png, id=1, 513.92pt x 496.85625pt>
File: Portada/logo.png Graphic file (type png)
<use Portada/logo.png>
Package pdftex.def Info: Portada/logo.png  used on input line 4.
(pdftex.def)             Requested size: 171.99922pt x 166.29056pt.


[1

{/var/lib/texmf/fonts/map/pdftex/updmap/pdftex.map} <./Portada/logo.png>])
\openout2 = `class-diagram/class-diagram.aux'.


(./class-diagram/class-diagram.tex
<class-diagram/Class_Diagram_Parkinglot_System.jpg, id=13, 796.9775pt x 545.036
25pt>
File: class-diagram/Class_Diagram_Parkinglot_System.jpg Graphic file (type jpg)

<use class-diagram/Class_Diagram_Parkinglot_System.jpg>
Package pdftex.def Info: class-diagram/Class_Diagram_Parkinglot_System.jpg  use
d on input line 5.
(pdftex.def)             Requested size: 430.00462pt x 294.06569pt.


[1

 <./class-diagram/Class_Diagram_Parkinglot_System.jpg>]
Overfull \hbox (7.4143pt too wide) in paragraph at lines 37--38
[]\OT1/cmtt/m/n/10.95 login(username: String, password: String): Boolean\OT1/cm
r/m/n/10.95 : Ver-i-fies the lo-gin cre-
 []



[2]

[3]
LaTeX Font Info:    External font `cmex10' loaded for size
(Font)              <10.95> on input line 115.
LaTeX Font Info:    External font `cmex10' loaded for size
(Font)              <8> on input line 115.
LaTeX Font Info:    External font `cmex10' loaded for size
(Font)              <6> on input line 115.


[4])

[5]
\openout2 = `architecture-diagram/architecture-diagram.aux'.

 (./architecture-diagram/architecture-diagram.tex)

[6



]
\openout2 = `deployment-diagram/deployment-diagram.aux'.

 (./deployment-diagram/deployment-diagram.tex

Package caption Warning: \label without proper reference on input line 8.
See the caption package documentation for explanation.


LaTeX Warning: Reference `Deployment-Diagram' on page 7 undefined on input line
 3.

<deployment-diagram/Deploy.png, id=39, 1690.315pt x 1391.1975pt>
File: deployment-diagram/Deploy.png Graphic file (type png)
<use deployment-diagram/Deploy.png>
Package pdftex.def Info: deployment-diagram/Deploy.png  used on input line 7.
(pdftex.def)             Requested size: 430.00462pt x 353.91217pt.


[7



 <./deployment-diagram/Deploy.png>]

[8])

[9]
\openout2 = `Business-Process-Documentation/business-process.aux'.

 (./Business-Process-Documentation/business-process.tex
<Business-Process-Documentation/Bussiness.png, id=50, 1258.7025pt x 1658.195pt>

File: Business-Process-Documentation/Bussiness.png Graphic file (type png)
<use Business-Process-Documentation/Bussiness.png>
Package pdftex.def Info: Business-Process-Documentation/Bussiness.png  used on 
input line 10.
(pdftex.def)             Requested size: 258.00539pt x 339.88158pt.
)

[10



 <./Business-Process-Documentation/Bussiness.png>]
\openout2 = `Mockups/mockups.aux'.

 (./Mockups/mockups.tex
<Mockups/mkup-2.png, id=55, 606.265pt x 546.04pt>
File: Mockups/mkup-2.png Graphic file (type png)
<use Mockups/mkup-2.png>
Package pdftex.def Info: Mockups/mkup-2.png  used on input line 9.
(pdftex.def)             Requested size: 215.0023pt x 193.64142pt.
<Mockups/mkup-1.jpeg, id=56, 703.87968pt x 461.47406pt>
File: Mockups/mkup-1.jpeg Graphic file (type jpg)
<use Mockups/mkup-1.jpeg>
Package pdftex.def Info: Mockups/mkup-1.jpeg  used on input line 16.
(pdftex.def)             Requested size: 365.50655pt x 239.62988pt.


LaTeX Warning: `!h' float specifier changed to `!ht'.

<Mockups/mkup-3.png, id=57, 1120.185pt x 1281.28688pt>
File: Mockups/mkup-3.png Graphic file (type png)
<use Mockups/mkup-3.png>
Package pdftex.def Info: Mockups/mkup-3.png  used on input line 23.
(pdftex.def)             Requested size: 365.50655pt x 418.07512pt.

LaTeX Warning: `!h' float specifier changed to `!ht'.

)

[11



 <./Mockups/mkup-2.png>]

[12 <./Mockups/mkup-1.jpeg>]

[13 <./Mockups/mkup-3.png>] (./main.aux (./class-diagram/class-diagram.aux)
(./architecture-diagram/architecture-diagram.aux)
(./deployment-diagram/deployment-diagram.aux)
(./Business-Process-Documentation/business-process.aux) (./Mockups/mockups.aux)
)
 ***********
LaTeX2e <2024-11-01> patch level 2
L3 programming layer <2025-01-18>
 ***********


LaTeX Warning: There were undefined references.

 ) 
Here is how much of TeX's memory you used:
 4191 strings out of 475102
 75088 string characters out of 5764877
 468164 words of memory out of 5000000
 27142 multiletter control sequences out of 15000+600000
 565205 words of font info for 57 fonts, out of 8000000 for 9000
 59 hyphenation exceptions out of 8191
 62i,6n,73p,382b,311s stack positions out of 10000i,1000n,20000p,200000b,200000s
 </home/esteban/.texlive2025/texmf-var/fonts/pk/ljfour/jknappen/ec/tcrm1095.6
00pk></usr/share/texlive/texmf-dist/fonts/type1/public/amsfonts/cm/cmbx10.pfb><
/usr/share/texlive/texmf-dist/fonts/type1/public/amsfonts/cm/cmbx12.pfb></usr/s
hare/texlive/texmf-dist/fonts/type1/public/amsfonts/cm/cmcsc10.pfb></usr/share/
texlive/texmf-dist/fonts/type1/public/amsfonts/cm/cmmi10.pfb></usr/share/texliv
e/texmf-dist/fonts/type1/public/amsfonts/cm/cmr10.pfb></usr/share/texlive/texmf
-dist/fonts/type1/public/amsfonts/cm/cmr12.pfb></usr/share/texlive/texmf-dist/f
onts/type1/public/amsfonts/cm/cmsy10.pfb></usr/share/texlive/texmf-dist/fonts/t
ype1/public/amsfonts/cm/cmti12.pfb></usr/share/texlive/texmf-dist/fonts/type1/p
ublic/amsfonts/cm/cmtt10.pfb>
Output written on main.pdf (14 pages, 580856 bytes).
PDF statistics:
 113 PDF objects out of 1000 (max. 8388607)
 65 compressed objects within 1 object stream
 0 named destinations out of 1000 (max. 500000)
 36 words of extra memory for PDF output out of 10000 (max. 10000000)

